<?xml version="1.0" encoding="UTF-8"?>
<testng-results ignored="0" total="3" passed="2" failed="1" skipped="0">
  <reporter-output>
  </reporter-output>
  <suite started-at="2024-12-21T23:11:39 IST" name="Default suite" finished-at="2024-12-21T23:12:08 IST" duration-ms="28650">
    <groups>
    </groups>
    <test started-at="2024-12-21T23:11:39 IST" name="Default test" finished-at="2024-12-21T23:12:08 IST" duration-ms="28650">
      <class name="Module1_login_Test.SwagLabsTestClass1">
        <test-method is-config="true" signature="openBrowser()[pri:0, instance:Module1_login_Test.SwagLabsTestClass1@4b0d79fc]" started-at="2024-12-21T23:11:39 IST" name="openBrowser" finished-at="2024-12-21T23:11:47 IST" duration-ms="7541" status="PASS">
          <reporter-output>
          </reporter-output>
        </test-method> <!-- openBrowser -->
        <test-method is-config="true" signature="LoginPage()[pri:0, instance:Module1_login_Test.SwagLabsTestClass1@4b0d79fc]" started-at="2024-12-21T23:11:47 IST" name="LoginPage" finished-at="2024-12-21T23:11:48 IST" duration-ms="1348" status="PASS">
          <reporter-output>
          </reporter-output>
        </test-method> <!-- LoginPage -->
        <test-method signature="VerifyLogo()[pri:1, instance:Module1_login_Test.SwagLabsTestClass1@4b0d79fc]" started-at="2024-12-21T23:11:48 IST" name="VerifyLogo" finished-at="2024-12-21T23:11:51 IST" duration-ms="3053" status="PASS">
          <reporter-output>
          </reporter-output>
        </test-method> <!-- VerifyLogo -->
        <test-method is-config="true" signature="Logout(org.testng.ITestResult)[pri:0, instance:Module1_login_Test.SwagLabsTestClass1@4b0d79fc]" started-at="2024-12-21T23:11:51 IST" name="Logout" finished-at="2024-12-21T23:11:55 IST" duration-ms="4201" status="PASS">
          <params>
            <param index="0">
              <value>
                <![CDATA[[TestResult name=VerifyLogo status=SUCCESS method=SwagLabsTestClass1.VerifyLogo()[pri:1, instance:Module1_login_Test.SwagLabsTestClass1@4b0d79fc] output={null}]]]>
              </value>
            </param>
          </params>
          <reporter-output>
          </reporter-output>
        </test-method> <!-- Logout -->
        <test-method is-config="true" signature="LoginPage()[pri:0, instance:Module1_login_Test.SwagLabsTestClass1@4b0d79fc]" started-at="2024-12-21T23:11:55 IST" name="LoginPage" finished-at="2024-12-21T23:11:56 IST" duration-ms="1263" status="PASS">
          <reporter-output>
          </reporter-output>
        </test-method> <!-- LoginPage -->
        <test-method signature="ProductName()[pri:2, instance:Module1_login_Test.SwagLabsTestClass1@4b0d79fc]" started-at="2024-12-21T23:11:56 IST" name="ProductName" finished-at="2024-12-21T23:11:57 IST" duration-ms="86" status="FAIL">
          <exception class="java.lang.AssertionError">
            <message>
              <![CDATA[Fail=Both Name are differnt expected [] but found [Sauce Labs Bike Light]]]>
            </message>
            <full-stacktrace>
              <![CDATA[java.lang.AssertionError: Fail=Both Name are differnt expected [] but found [Sauce Labs Bike Light]
at org.testng.Assert.fail(Assert.java:99)
at org.testng.Assert.failNotEquals(Assert.java:1037)
at org.testng.Assert.assertEqualsImpl(Assert.java:140)
at org.testng.Assert.assertEquals(Assert.java:122)
at org.testng.Assert.assertEquals(Assert.java:629)
at Module1_login_Test.SwagLabsTestClass1.ProductName(SwagLabsTestClass1.java:83)
at java.base/jdk.internal.reflect.DirectMethodHandleAccessor.invoke(DirectMethodHandleAccessor.java:103)
at java.base/java.lang.reflect.Method.invoke(Method.java:580)
at org.testng.internal.MethodInvocationHelper.invokeMethod(MethodInvocationHelper.java:133)
at org.testng.internal.TestInvoker.invokeMethod(TestInvoker.java:598)
at org.testng.internal.TestInvoker.invokeTestMethod(TestInvoker.java:173)
at org.testng.internal.MethodRunner.runInSequence(MethodRunner.java:46)
at org.testng.internal.TestInvoker$MethodInvocationAgent.invoke(TestInvoker.java:824)
at org.testng.internal.TestInvoker.invokeTestMethods(TestInvoker.java:146)
at org.testng.internal.TestMethodWorker.invokeTestMethods(TestMethodWorker.java:146)
at org.testng.internal.TestMethodWorker.run(TestMethodWorker.java:128)
at java.base/java.util.ArrayList.forEach(ArrayList.java:1596)
at org.testng.TestRunner.privateRun(TestRunner.java:794)
at org.testng.TestRunner.run(TestRunner.java:596)
at org.testng.SuiteRunner.runTest(SuiteRunner.java:377)
at org.testng.SuiteRunner.runSequentially(SuiteRunner.java:371)
at org.testng.SuiteRunner.privateRun(SuiteRunner.java:332)
at org.testng.SuiteRunner.run(SuiteRunner.java:276)
at org.testng.SuiteRunnerWorker.runSuite(SuiteRunnerWorker.java:53)
at org.testng.SuiteRunnerWorker.run(SuiteRunnerWorker.java:96)
at org.testng.TestNG.runSuitesSequentially(TestNG.java:1212)
at org.testng.TestNG.runSuitesLocally(TestNG.java:1134)
at org.testng.TestNG.runSuites(TestNG.java:1063)
at org.testng.TestNG.run(TestNG.java:1031)
at org.testng.remote.AbstractRemoteTestNG.run(AbstractRemoteTestNG.java:115)
at org.testng.remote.RemoteTestNG.initAndRun(RemoteTestNG.java:293)
at org.testng.remote.RemoteTestNG.main(RemoteTestNG.java:91)
]]>
            </full-stacktrace>
          </exception> <!-- java.lang.AssertionError -->
          <reporter-output>
          </reporter-output>
        </test-method> <!-- ProductName -->
        <test-method is-config="true" signature="Logout(org.testng.ITestResult)[pri:0, instance:Module1_login_Test.SwagLabsTestClass1@4b0d79fc]" started-at="2024-12-21T23:11:57 IST" name="Logout" finished-at="2024-12-21T23:12:01 IST" duration-ms="4666" status="PASS">
          <params>
            <param index="0">
              <value>
                <![CDATA[[TestResult name=ProductName status=FAILURE method=SwagLabsTestClass1.ProductName()[pri:2, instance:Module1_login_Test.SwagLabsTestClass1@4b0d79fc] output={null}]]]>
              </value>
            </param>
          </params>
          <reporter-output>
          </reporter-output>
        </test-method> <!-- Logout -->
        <test-method is-config="true" signature="LoginPage()[pri:0, instance:Module1_login_Test.SwagLabsTestClass1@4b0d79fc]" started-at="2024-12-21T23:12:01 IST" name="LoginPage" finished-at="2024-12-21T23:12:02 IST" duration-ms="1253" status="PASS">
          <reporter-output>
          </reporter-output>
        </test-method> <!-- LoginPage -->
        <test-method signature="ClickOnAddToCart()[pri:3, instance:Module1_login_Test.SwagLabsTestClass1@4b0d79fc]" started-at="2024-12-21T23:12:02 IST" name="ClickOnAddToCart" finished-at="2024-12-21T23:12:03 IST" duration-ms="87" status="PASS">
          <reporter-output>
          </reporter-output>
        </test-method> <!-- ClickOnAddToCart -->
        <test-method is-config="true" signature="Logout(org.testng.ITestResult)[pri:0, instance:Module1_login_Test.SwagLabsTestClass1@4b0d79fc]" started-at="2024-12-21T23:12:03 IST" name="Logout" finished-at="2024-12-21T23:12:07 IST" duration-ms="4187" status="PASS">
          <params>
            <param index="0">
              <value>
                <![CDATA[[TestResult name=ClickOnAddToCart status=SUCCESS method=SwagLabsTestClass1.ClickOnAddToCart()[pri:3, instance:Module1_login_Test.SwagLabsTestClass1@4b0d79fc] output={null}]]]>
              </value>
            </param>
          </params>
          <reporter-output>
          </reporter-output>
        </test-method> <!-- Logout -->
        <test-method is-config="true" signature="closeBrowser()[pri:0, instance:Module1_login_Test.SwagLabsTestClass1@4b0d79fc]" started-at="2024-12-21T23:12:07 IST" name="closeBrowser" finished-at="2024-12-21T23:12:08 IST" duration-ms="912" status="PASS">
          <reporter-output>
          </reporter-output>
        </test-method> <!-- closeBrowser -->
      </class> <!-- Module1_login_Test.SwagLabsTestClass1 -->
    </test> <!-- Default test -->
  </suite> <!-- Default suite -->
</testng-results>
